0 verbose cli /usr/local/bin/node /usr/local/bin/npm
1 info using npm@10.9.2
2 info using node@v22.16.0
3 silly config load:file:/usr/local/lib/node_modules/npm/npmrc
4 silly config load:file:/Users/muhamadfaried/Documents/DSK GLOBAL/erp.dskglobalid/backend-development/.npmrc
5 silly config load:file:/Users/muhamadfaried/.npmrc
6 silly config load:file:/usr/local/etc/npmrc
7 verbose title npm install cors
8 verbose argv "install" "cors" "--cache" "./.npm-cache" "--no-progress"
9 verbose logfile logs-max:10 dir:/Users/muhamadfaried/Documents/DSK GLOBAL/erp.dskglobalid/backend-development/.npm-cache/_logs/2025-12-11T08_41_34_178Z-
10 verbose logfile /Users/muhamadfaried/Documents/DSK GLOBAL/erp.dskglobalid/backend-development/.npm-cache/_logs/2025-12-11T08_41_34_178Z-debug-0.log
11 silly logfile done cleaning log files
12 silly packumentCache heap:2197815296 maxSize:549453824 maxEntrySize:274726912
13 silly idealTree buildDeps
14 silly fetch manifest cors@*
15 silly packumentCache full:https://registry.npmjs.org/cors cache-miss
16 http fetch GET 200 https://registry.npmjs.org/npm 2021ms
17 http fetch GET 200 https://registry.npmjs.org/cors 1183ms (cache miss)
18 silly packumentCache full:https://registry.npmjs.org/cors set size:undefined disposed:false
19 silly placeDep ROOT cors@2.8.5 OK for: backend-development@1.0.0 want: *
20 silly reify moves {}
21 silly audit bulk request {
21 silly audit   accepts: [ '1.3.8' ],
21 silly audit   anymatch: [ '3.1.3' ],
21 silly audit   'append-field': [ '1.0.0' ],
21 silly audit   'array-flatten': [ '1.1.1' ],
21 silly audit   'aws-ssl-profiles': [ '1.1.2' ],
21 silly audit   'balanced-match': [ '1.0.2' ],
21 silly audit   bcryptjs: [ '2.4.3' ],
21 silly audit   'binary-extensions': [ '2.3.0' ],
21 silly audit   'body-parser': [ '1.20.4' ],
21 silly audit   'brace-expansion': [ '1.1.12' ],
21 silly audit   braces: [ '3.0.3' ],
21 silly audit   'buffer-equal-constant-time': [ '1.0.1' ],
21 silly audit   'buffer-from': [ '1.1.2' ],
21 silly audit   busboy: [ '1.6.0' ],
21 silly audit   bytes: [ '3.1.2' ],
21 silly audit   'call-bind-apply-helpers': [ '1.0.2' ],
21 silly audit   'call-bound': [ '1.0.4' ],
21 silly audit   chokidar: [ '3.6.0' ],
21 silly audit   'concat-map': [ '0.0.1' ],
21 silly audit   'concat-stream': [ '2.0.0' ],
21 silly audit   'content-disposition': [ '0.5.4' ],
21 silly audit   'content-type': [ '1.0.5' ],
21 silly audit   cookie: [ '0.7.2' ],
21 silly audit   'cookie-signature': [ '1.0.7' ],
21 silly audit   debug: [ '2.6.9', '4.4.3' ],
21 silly audit   denque: [ '2.1.0' ],
21 silly audit   depd: [ '2.0.0' ],
21 silly audit   destroy: [ '1.2.0' ],
21 silly audit   dotenv: [ '16.6.1' ],
21 silly audit   'dunder-proto': [ '1.0.1' ],
21 silly audit   'ecdsa-sig-formatter': [ '1.0.11' ],
21 silly audit   'ee-first': [ '1.1.1' ],
21 silly audit   encodeurl: [ '2.0.0', '1.0.2' ],
21 silly audit   'es-define-property': [ '1.0.1' ],
21 silly audit   'es-errors': [ '1.3.0' ],
21 silly audit   'es-object-atoms': [ '1.1.1' ],
21 silly audit   'escape-html': [ '1.0.3' ],
21 silly audit   etag: [ '1.8.1' ],
21 silly audit   express: [ '4.22.1' ],
21 silly audit   'fill-range': [ '7.1.1' ],
21 silly audit   finalhandler: [ '1.3.2' ],
21 silly audit   forwarded: [ '0.2.0' ],
21 silly audit   fresh: [ '0.5.2' ],
21 silly audit   fsevents: [ '2.3.3' ],
21 silly audit   'function-bind': [ '1.1.2' ],
21 silly audit   'generate-function': [ '2.3.1' ],
21 silly audit   'get-intrinsic': [ '1.3.0' ],
21 silly audit   'get-proto': [ '1.0.1' ],
21 silly audit   'glob-parent': [ '5.1.2' ],
21 silly audit   gopd: [ '1.2.0' ],
21 silly audit   'has-flag': [ '3.0.0' ],
21 silly audit   'has-symbols': [ '1.1.0' ],
21 silly audit   hasown: [ '2.0.2' ],
21 silly audit   'http-errors': [ '2.0.1', '2.0.0' ],
21 silly audit   'iconv-lite': [ '0.4.24', '0.7.0' ],
21 silly audit   'ignore-by-default': [ '1.0.1' ],
21 silly audit   inherits: [ '2.0.4' ],
21 silly audit   'ipaddr.js': [ '1.9.1' ],
21 silly audit   'is-binary-path': [ '2.1.0' ],
21 silly audit   'is-extglob': [ '2.1.1' ],
21 silly audit   'is-glob': [ '4.0.3' ],
21 silly audit   'is-number': [ '7.0.0' ],
21 silly audit   'is-property': [ '1.0.2' ],
21 silly audit   jsonwebtoken: [ '9.0.3' ],
21 silly audit   ms: [ '2.1.3', '2.0.0' ],
21 silly audit   jwa: [ '2.0.1' ],
21 silly audit   jws: [ '4.0.1' ],
21 silly audit   'lodash.includes': [ '4.3.0' ],
21 silly audit   'lodash.isboolean': [ '3.0.3' ],
21 silly audit   'lodash.isinteger': [ '4.0.4' ],
21 silly audit   'lodash.isnumber': [ '3.0.3' ],
21 silly audit   'lodash.isplainobject': [ '4.0.6' ],
21 silly audit   'lodash.isstring': [ '4.0.1' ],
21 silly audit   'lodash.once': [ '4.1.1' ],
21 silly audit   long: [ '5.3.2' ],
21 silly audit   'lru-cache': [ '7.18.3' ],
21 silly audit   'lru.min': [ '1.1.3' ],
21 silly audit   'math-intrinsics': [ '1.1.0' ],
21 silly audit   'media-typer': [ '0.3.0' ],
21 silly audit   'merge-descriptors': [ '1.0.3' ],
21 silly audit   methods: [ '1.1.2' ],
21 silly audit   mime: [ '1.6.0' ],
21 silly audit   'mime-db': [ '1.52.0' ],
21 silly audit   'mime-types': [ '2.1.35' ],
21 silly audit   minimatch: [ '3.1.2' ],
21 silly audit   minimist: [ '1.2.8' ],
21 silly audit   mkdirp: [ '0.5.6' ],
21 silly audit   multer: [ '2.0.2' ],
21 silly audit   mysql2: [ '3.15.3' ],
21 silly audit   'named-placeholders': [ '1.1.3' ],
21 silly audit   negotiator: [ '0.6.3' ],
21 silly audit   nodemon: [ '3.1.11' ],
21 silly audit   'normalize-path': [ '3.0.0' ],
21 silly audit   'object-assign': [ '4.1.1' ],
21 silly audit   'object-inspect': [ '1.13.4' ],
21 silly audit   'on-finished': [ '2.4.1' ],
21 silly audit   parseurl: [ '1.3.3' ],
21 silly audit   'path-to-regexp': [ '0.1.12' ],
21 silly audit   picomatch: [ '2.3.1' ],
21 silly audit   'proxy-addr': [ '2.0.7' ],
21 silly audit   'pstree.remy': [ '1.1.8' ],
21 silly audit   qs: [ '6.14.0' ],
21 silly audit   'range-parser': [ '1.2.1' ],
21 silly audit   'raw-body': [ '2.5.3' ],
21 silly audit   'readable-stream': [ '3.6.2' ],
21 silly audit   readdirp: [ '3.6.0' ],
21 silly audit   'safe-buffer': [ '5.2.1' ],
21 silly audit   'safer-buffer': [ '2.1.2' ],
21 silly audit   semver: [ '7.7.3' ],
21 silly audit   send: [ '0.19.1', '0.19.0' ],
21 silly audit   statuses: [ '2.0.1', '2.0.2' ],
21 silly audit   'seq-queue': [ '0.0.5' ],
21 silly audit   'serve-static': [ '1.16.2' ],
21 silly audit   setprototypeof: [ '1.2.0' ],
21 silly audit   'side-channel': [ '1.1.0' ],
21 silly audit   'side-channel-list': [ '1.0.0' ],
21 silly audit   'side-channel-map': [ '1.0.1' ],
21 silly audit   'side-channel-weakmap': [ '1.0.2' ],
21 silly audit   'simple-update-notifier': [ '2.0.0' ],
21 silly audit   sqlstring: [ '2.3.3' ],
21 silly audit   streamsearch: [ '1.1.0' ],
21 silly audit   string_decoder: [ '1.3.0' ],
21 silly audit   'supports-color': [ '5.5.0' ],
21 silly audit   'to-regex-range': [ '5.0.1' ],
21 silly audit   toidentifier: [ '1.0.1' ],
21 silly audit   touch: [ '3.1.1' ],
21 silly audit   'type-is': [ '1.6.18' ],
21 silly audit   typedarray: [ '0.0.6' ],
21 silly audit   undefsafe: [ '2.0.5' ],
21 silly audit   unpipe: [ '1.0.0' ],
21 silly audit   'util-deprecate': [ '1.0.2' ],
21 silly audit   'utils-merge': [ '1.0.1' ],
21 silly audit   vary: [ '1.1.2' ],
21 silly audit   xtend: [ '4.0.2' ],
21 silly audit   cors: [ '2.8.5' ]
21 silly audit }
22 http cache cors@https://registry.npmjs.org/cors/-/cors-2.8.5.tgz 1ms (cache hit)
23 silly tarball no local data for cors@https://registry.npmjs.org/cors/-/cors-2.8.5.tgz. Extracting by manifest.
24 http fetch POST 200 https://registry.npmjs.org/-/npm/v1/security/advisories/bulk 334ms
25 silly audit report {}
26 http fetch GET 200 https://registry.npmjs.org/cors/-/cors-2.8.5.tgz 285ms (cache miss)
27 silly ADD node_modules/cors
28 verbose cwd /Users/muhamadfaried/Documents/DSK GLOBAL/erp.dskglobalid/backend-development
29 verbose os Darwin 24.6.0
30 verbose node v22.16.0
31 verbose npm  v10.9.2
32 notice
32 notice New major version of npm available! 10.9.2 -> 11.7.0
32 notice Changelog: https://github.com/npm/cli/releases/tag/v11.7.0
32 notice To update run: npm install -g npm@11.7.0
32 notice  { force: true, [Symbol(proc-log.meta)]: true }
33 verbose exit 0
34 info ok
